#
# A fatal error has been detected by the Java Runtime Environment:
#
#  SIGSEGV (0xb) at pc=0x00007fff89a590dd, pid=54007, tid=1299
#
# JRE version: Java(TM) SE Runtime Environment (8.0_25-b17) (build 1.8.0_25-b17)
# Java VM: Java HotSpot(TM) 64-Bit Server VM (25.25-b02 mixed mode bsd-amd64 compressed oops)
# Problematic frame:
# C  [libobjc.A.dylib+0x10dd]  objc_msgSend+0x1d
#
# Failed to write core dump. Core dumps have been disabled. To enable core dumping, try "ulimit -c unlimited" before starting Java again
#
# If you would like to submit a bug report, please visit:
#   http://bugreport.sun.com/bugreport/crash.jsp
# The crash happened outside the Java Virtual Machine in native code.
# See problematic frame for where to report the bug.
#

---------------  T H R E A D  ---------------

Current thread (0x00007feb69116800):  JavaThread "AppKit Thread" daemon [_thread_in_native, id=1299, stack(0x00007fff539a6000,0x00007fff541a6000)]

siginfo: si_signo: 11 (SIGSEGV), si_code: 1 (SEGV_MAPERR), si_addr: 0x000007feb68e22d8

Registers:
RAX=0x00007feb68e5dd40, RBX=0x00007fff541a00e8, RCX=0x0000000000000000, RDX=0x00007feb68f1d650
RSP=0x00007fff5419ff08, RBP=0x00007fff5419ff10, RSI=0x00007fff826c22b4, RDI=0x00007feb68e5dd40
R8 =0x00007fff5419fef0, R9 =0x0000000000000055, R10=0x00007fff826c22b4, R11=0x000007feb68e22c0
R12=0x00007feb68c19950, R13=0x00000000000f42ef, R14=0x00007feb68f8f940, R15=0x00007fff541a0048
RIP=0x00007fff89a590dd, EFLAGS=0x0000000000010206, ERR=0x0000000000000004
  TRAPNO=0x000000000000000e

Top of Stack: (sp=0x00007fff5419ff08)
0x00007fff5419ff08:   00007fff8af2fcdc 00007fff541a0270
0x00007fff5419ff18:   00007fff8ae21244 00007fff5419ff9c
0x00007fff5419ff28:   00007fff5419ffa0 00007fff5419ffa4
0x00007fff5419ff38:   00007fff7244fc88 ffffffffffffffff
0x00007fff5419ff48:   00000000000007f8 00007fff7244fca0
0x00007fff5419ff58:   00007feb68f8f940 0000000000000000
0x00007fff5419ff68:   00007fff541a0040 0000000000000000
0x00007fff5419ff78:   00007feb68f8eb90 00007fff541a00c0
0x00007fff5419ff88:   0000000000000055 00000000000f42f1
0x00007fff5419ff98:   00007feb68f1d650 00007feb68f8e640
0x00007fff5419ffa8:   00007feb68c19950 0000000000000001
0x00007fff5419ffb8:   00000000000f42ef 00007feb68c19940
0x00007fff5419ffc8:   00007fff87afc7ba 0000000168f6e210
0x00007fff5419ffd8:   00007fff722710d0 0000000042000000
0x00007fff5419ffe8:   00007fff87b04e13 00007fff7241a1d0
0x00007fff5419fff8:   00007fff541a00c8 0000000000000000
0x00007fff541a0008:   00007fff729208c8 0000000000000000
0x00007fff541a0018:   0000000000000014 0001ca0300000001
0x00007fff541a0028:   00007feb68c19974 0000000000000000
0x00007fff541a0038:   00000000003d7801 00007feb68f8ec10
0x00007fff541a0048:   00007feb68f8f940 0000000000000000
0x00007fff541a0058:   00007fff826fa34c 00007fff541a0100
0x00007fff541a0068:   00007fff8b1c5513 00007fff541a00e4
0x00007fff541a0078:   00000000003d7901 00000000ffffffff
0x00007fff541a0088:   00007fff729208c8 00000000003d7900
0x00007fff541a0098:   00007fff00000000 00007fff541a0190
0x00007fff541a00a8:   00007fff8b46bedc 00007fff729208e8
0x00007fff541a00b8:   00007fff826fa34c 0000000000000051
0x00007fff541a00c8:   0000000000000000 00000000000f42e5
0x00007fff541a00d8:   0000000000000053 0000000000000000
0x00007fff541a00e8:   00000000000f42ef 00007fff541a0164
0x00007fff541a00f8:   00000000003d7e01 00000000ffffffff 

Instructions: (pc=0x00007fff89a590dd)
0x00007fff89a590bd:   00 00 00 48 85 ff 2e 74 7a 40 f6 c7 01 2e 75 7e
0x00007fff89a590cd:   49 bb f8 ff ff ff ff 7f 00 00 4c 23 1f 49 89 f2
0x00007fff89a590dd:   45 23 53 18 49 c1 e2 04 4d 03 53 10 49 3b 32 75
0x00007fff89a590ed:   04 41 ff 62 08 49 83 3a 00 74 6a 4d 3b 53 10 74 

Register to memory mapping:

RAX=0x00007feb68e5dd40 is an unknown value
RBX=0x00007fff541a00e8 is pointing into the stack for thread: 0x00007feb69116800
RCX=0x0000000000000000 is an unknown value
RDX=0x00007feb68f1d650 is an unknown value
RSP=0x00007fff5419ff08 is pointing into the stack for thread: 0x00007feb69116800
RBP=0x00007fff5419ff10 is pointing into the stack for thread: 0x00007feb69116800
RSI=0x00007fff826c22b4: -[NSTitlebarContainerView shouldRoundCorners]+0x5ced6 in /System/Library/Frameworks/AppKit.framework/Versions/C/AppKit at 0x00007fff81cf1000
RDI=0x00007feb68e5dd40 is an unknown value
R8 =0x00007fff5419fef0 is pointing into the stack for thread: 0x00007feb69116800
R9 =0x0000000000000055 is an unknown value
R10=0x00007fff826c22b4: -[NSTitlebarContainerView shouldRoundCorners]+0x5ced6 in /System/Library/Frameworks/AppKit.framework/Versions/C/AppKit at 0x00007fff81cf1000
R11=0x000007feb68e22c0 is an unknown value
R12=0x00007feb68c19950 is an unknown value
R13=0x00000000000f42ef is an unknown value
R14=0x00007feb68f8f940 is an unknown value
R15=0x00007fff541a0048 is pointing into the stack for thread: 0x00007feb69116800


Stack: [0x00007fff539a6000,0x00007fff541a6000],  sp=0x00007fff5419ff08,  free space=8167k
Native frames: (J=compiled Java code, j=interpreted, Vv=VM code, C=native code)
C  [libobjc.A.dylib+0x10dd]  objc_msgSend+0x1d
C  [CoreFoundation+0x10244]  _CFXNotificationPost+0xc44
C  [Foundation+0x2c31]  -[NSNotificationCenter postNotificationName:object:userInfo:]+0x42
C  [AppKit+0xdd776]  -[NSSurface _disposeSurface]+0x98
C  [AppKit+0xdd1da]  -[NSSurface setWindow:]+0x42
C  [AppKit+0x3b9ef]  -[NSView _setWindow:]+0xa22
C  [AppKit+0x3cc22]  -[NSView removeFromSuperview]+0x1c5
C  [AppKit+0x9140a]  -[NSView removeFromSuperviewWithoutNeedingDisplay]+0x26
C  [liblwjgl.dylib+0xa205]  +[MacOSXKeyableWindow destroyWindow]+0xb5
C  [Foundation+0x65cdc]  __NSThreadPerformPerform+0x125
C  [CoreFoundation+0x80681]  __CFRUNLOOP_IS_CALLING_OUT_TO_A_SOURCE0_PERFORM_FUNCTION__+0x11
C  [CoreFoundation+0x7280d]  __CFRunLoopDoSources0+0x10d
C  [CoreFoundation+0x71e3f]  __CFRunLoopRun+0x39f
C  [CoreFoundation+0x71858]  CFRunLoopRunSpecific+0x128
C  [HIToolbox+0x2eaef]  RunCurrentEventLoopInMode+0xeb
C  [HIToolbox+0x2e86a]  ReceiveNextEventCommon+0x1af
C  [HIToolbox+0x2e6ab]  _BlockUntilNextEventMatchingListInModeWithFilter+0x47
C  [AppKit+0x23f81]  _DPSNextEvent+0x3c4
C  [AppKit+0x23730]  -[NSApplication nextEventMatchingMask:untilDate:inMode:dequeue:]+0xc2
C  [libosxapp.dylib+0x242a]  -[NSApplicationAWT nextEventMatchingMask:untilDate:inMode:dequeue:]+0x7c
C  [AppKit+0x17593]  -[NSApplication run]+0x252
C  [libosxapp.dylib+0x223e]  +[NSApplicationAWT runAWTLoopWithApp:]+0x9c
C  [libawt_lwawt.dylib+0x4494f]  -[AWTStarter starter:]+0x389
C  [Foundation+0x65cdc]  __NSThreadPerformPerform+0x125
C  [CoreFoundation+0x80681]  __CFRUNLOOP_IS_CALLING_OUT_TO_A_SOURCE0_PERFORM_FUNCTION__+0x11
C  [CoreFoundation+0x7280d]  __CFRunLoopDoSources0+0x10d
C  [CoreFoundation+0x71e3f]  __CFRunLoopRun+0x39f
C  [CoreFoundation+0x71858]  CFRunLoopRunSpecific+0x128
C  [java+0x56cc]  CreateExecutionEnvironment+0x367
C  [java+0x165c]  JLI_Launch+0x7a0
C  [java+0x768a]  main+0x65
C  [java+0xeb4]  start+0x34
C  0x0000000000000008


---------------  P R O C E S S  ---------------

Java Threads: ( => current thread )
  0x00007feb6a02a800 JavaThread "DestroyJavaVM" [_thread_blocked, id=4867, stack(0x000000010d31d000,0x000000010d41d000)]
  0x00007feb6a962800 JavaThread "LWJGL Application" [_thread_in_native, id=63747, stack(0x00000001276f7000,0x00000001277f7000)]
  0x00007feb69118000 JavaThread "AWT-Shutdown" [_thread_blocked, id=28935, stack(0x00000001247d2000,0x00000001248d2000)]
=>0x00007feb69116800 JavaThread "AppKit Thread" daemon [_thread_in_native, id=1299, stack(0x00007fff539a6000,0x00007fff541a6000)]
  0x00007feb698ae000 JavaThread "Monitor Ctrl-Break" daemon [_thread_in_native, id=19203, stack(0x0000000122eff000,0x0000000122fff000)]
  0x00007feb6900e000 JavaThread "Service Thread" daemon [_thread_blocked, id=18179, stack(0x0000000122b43000,0x0000000122c43000)]
  0x00007feb6a810000 JavaThread "C1 CompilerThread2" daemon [_thread_blocked, id=17667, stack(0x0000000122a40000,0x0000000122b40000)]
  0x00007feb6a06c800 JavaThread "C2 CompilerThread1" daemon [_thread_blocked, id=17155, stack(0x000000012293d000,0x0000000122a3d000)]
  0x00007feb6900d800 JavaThread "C2 CompilerThread0" daemon [_thread_blocked, id=16643, stack(0x000000012283a000,0x000000012293a000)]
  0x00007feb6a030800 JavaThread "Signal Dispatcher" daemon [_thread_blocked, id=13579, stack(0x0000000122737000,0x0000000122837000)]
  0x00007feb69835000 JavaThread "Finalizer" daemon [_thread_blocked, id=11523, stack(0x0000000120ded000,0x0000000120eed000)]
  0x00007feb6980c000 JavaThread "Reference Handler" daemon [_thread_blocked, id=11011, stack(0x0000000120cea000,0x0000000120dea000)]

Other Threads:
  0x00007feb6a010000 VMThread [stack: 0x0000000120be7000,0x0000000120ce7000] [id=10499]
  0x00007feb69034800 WatcherThread [stack: 0x0000000122c46000,0x0000000122d46000] [id=18691]

VM state:not at safepoint (normal execution)

VM Mutex/Monitor currently owned by a thread: None

Heap:
 PSYoungGen      total 18944K, used 5097K [0x00000007aab00000, 0x00000007ac000000, 0x00000007c0000000)
  eden space 16384K, 15% used [0x00000007aab00000,0x00000007aad7f418,0x00000007abb00000)
  from space 2560K, 99% used [0x00000007abb00000,0x00000007abd7b038,0x00000007abd80000)
  to   space 2560K, 0% used [0x00000007abd80000,0x00000007abd80000,0x00000007ac000000)
 ParOldGen       total 44032K, used 460K [0x0000000780000000, 0x0000000782b00000, 0x00000007aab00000)
  object space 44032K, 1% used [0x0000000780000000,0x00000007800730c8,0x0000000782b00000)
 Metaspace       used 7940K, capacity 8029K, committed 8320K, reserved 1056768K
  class space    used 776K, capacity 821K, committed 896K, reserved 1048576K

Card table byte_map: [0x000000011c7df000,0x000000011c9e0000] byte_map_base: 0x0000000118bdf000

Marking Bits: (ParMarkBitMap*) 0x000000010cc9d390
 Begin Bits: [0x000000011cf42000, 0x000000011df42000)
 End Bits:   [0x000000011df42000, 0x000000011ef42000)

Polling page: 0x000000010bbb1000

CodeCache: size=245760Kb used=2910Kb max_used=2921Kb free=242849Kb
 bounds [0x000000010d41f000, 0x000000010d6ff000, 0x000000011c41f000]
 total_blobs=1173 nmethods=732 adapters=356
 compilation: enabled

Compilation events (10 events):
Event: 5.015 Thread 0x00007feb6a810000 nmethod 725 0x000000010d6f7b10 code [0x000000010d6f7c80, 0x000000010d6f7ea8]
Event: 5.038 Thread 0x00007feb6a810000  727   !   3       java.util.zip.Inflater::reset (69 bytes)
Event: 5.040 Thread 0x00007feb6a810000 nmethod 727 0x000000010d6f7350 code [0x000000010d6f74e0, 0x000000010d6f7938]
Event: 5.042 Thread 0x00007feb6a810000  729       3       java.util.ArrayDeque::add (7 bytes)
Event: 5.042 Thread 0x00007feb6a810000 nmethod 729 0x000000010d6f6c50 code [0x000000010d6f6dc0, 0x000000010d6f6f68]
Event: 5.042 Thread 0x00007feb6a810000  730       3       java.util.ArrayDeque::addLast (53 bytes)
Event: 5.043 Thread 0x00007feb6a810000 nmethod 730 0x000000010d6f6550 code [0x000000010d6f66e0, 0x000000010d6f6ad8]
Event: 5.056 Thread 0x00007feb6a810000  731       3       java.util.HashMap::isEmpty (13 bytes)
Event: 5.056 Thread 0x00007feb6a06c800  732       4       java.nio.DirectByteBuffer::put (18 bytes)
Event: 5.057 Thread 0x00007feb6a810000 nmethod 731 0x000000010d6f61d0 code [0x000000010d6f6340, 0x000000010d6f64f0]

GC Heap History (2 events):
Event: 2.180 GC heap before
{Heap before GC invocations=1 (full 0):
 PSYoungGen      total 18944K, used 16361K [0x00000007aab00000, 0x00000007ac000000, 0x00000007c0000000)
  eden space 16384K, 99% used [0x00000007aab00000,0x00000007abafa480,0x00000007abb00000)
  from space 2560K, 0% used [0x00000007abd80000,0x00000007abd80000,0x00000007ac000000)
  to   space 2560K, 0% used [0x00000007abb00000,0x00000007abb00000,0x00000007abd80000)
 ParOldGen       total 44032K, used 0K [0x0000000780000000, 0x0000000782b00000, 0x00000007aab00000)
  object space 44032K, 0% used [0x0000000780000000,0x0000000780000000,0x0000000782b00000)
 Metaspace       used 7800K, capacity 7901K, committed 8064K, reserved 1056768K
  class space    used 769K, capacity 821K, committed 896K, reserved 1048576K
Event: 2.185 GC heap after
Heap after GC invocations=1 (full 0):
 PSYoungGen      total 18944K, used 2540K [0x00000007aab00000, 0x00000007ac000000, 0x00000007c0000000)
  eden space 16384K, 0% used [0x00000007aab00000,0x00000007aab00000,0x00000007abb00000)
  from space 2560K, 99% used [0x00000007abb00000,0x00000007abd7b038,0x00000007abd80000)
  to   space 2560K, 0% used [0x00000007abd80000,0x00000007abd80000,0x00000007ac000000)
 ParOldGen       total 44032K, used 460K [0x0000000780000000, 0x0000000782b00000, 0x00000007aab00000)
  object space 44032K, 1% used [0x0000000780000000,0x00000007800730c8,0x0000000782b00000)
 Metaspace       used 7800K, capacity 7901K, committed 8064K, reserved 1056768K
  class space    used 769K, capacity 821K, committed 896K, reserved 1048576K
}

Deoptimization events (0 events):
No events

Internal exceptions (10 events):
Event: 2.351 Thread 0x00007feb6a962800 Exception <a 'java/security/PrivilegedActionException'> (0x00000007aab472d0) thrown at [/HUDSON3/workspace/8-2-build-macosx-x86_64/jdk8u25/1514/hotspot/src/share/vm/prims/jvm.cpp, line 1312]
Event: 2.352 Thread 0x00007feb6a962800 Exception <a 'java/security/PrivilegedActionException'> (0x00000007aab50708) thrown at [/HUDSON3/workspace/8-2-build-macosx-x86_64/jdk8u25/1514/hotspot/src/share/vm/prims/jvm.cpp, line 1312]
Event: 2.395 Thread 0x00007feb6a962800 Exception <a 'java/security/PrivilegedActionException'> (0x00000007aaceb1f0) thrown at [/HUDSON3/workspace/8-2-build-macosx-x86_64/jdk8u25/1514/hotspot/src/share/vm/prims/jvm.cpp, line 1312]
Event: 2.396 Thread 0x00007feb6a962800 Exception <a 'java/security/PrivilegedActionException'> (0x00000007aacf41d8) thrown at [/HUDSON3/workspace/8-2-build-macosx-x86_64/jdk8u25/1514/hotspot/src/share/vm/prims/jvm.cpp, line 1312]
Event: 2.407 Thread 0x00007feb6a962800 Exception <a 'java/security/PrivilegedActionException'> (0x00000007aacfbd88) thrown at [/HUDSON3/workspace/8-2-build-macosx-x86_64/jdk8u25/1514/hotspot/src/share/vm/prims/jvm.cpp, line 1312]
Event: 2.410 Thread 0x00007feb6a962800 Exception <a 'java/security/PrivilegedActionException'> (0x00000007aad04d80) thrown at [/HUDSON3/workspace/8-2-build-macosx-x86_64/jdk8u25/1514/hotspot/src/share/vm/prims/jvm.cpp, line 1312]
Event: 2.764 Thread 0x00007feb6a962800 Exception <a 'java/security/PrivilegedActionException'> (0x00000007aad0f0f0) thrown at [/HUDSON3/workspace/8-2-build-macosx-x86_64/jdk8u25/1514/hotspot/src/share/vm/prims/jvm.cpp, line 1312]
Event: 2.813 Thread 0x00007feb6a962800 Exception <a 'java/security/PrivilegedActionException'> (0x00000007aad197d8) thrown at [/HUDSON3/workspace/8-2-build-macosx-x86_64/jdk8u25/1514/hotspot/src/share/vm/prims/jvm.cpp, line 1312]
Event: 5.037 Thread 0x00007feb6a962800 Exception <a 'java/security/PrivilegedActionException'> (0x00000007aad57888) thrown at [/HUDSON3/workspace/8-2-build-macosx-x86_64/jdk8u25/1514/hotspot/src/share/vm/prims/jvm.cpp, line 1312]
Event: 5.050 Thread 0x00007feb6a962800 Exception <a 'java/security/PrivilegedActionException'> (0x00000007aad61700) thrown at [/HUDSON3/workspace/8-2-build-macosx-x86_64/jdk8u25/1514/hotspot/src/share/vm/prims/jvm.cpp, line 1312]

Events (10 events):
Event: 2.764 loading class com/badlogic/gdx/backends/lwjgl/LwjglInput$KeyEvent
Event: 2.764 loading class com/badlogic/gdx/backends/lwjgl/LwjglInput$KeyEvent done
Event: 2.812 loading class com/badlogic/gdx/backends/lwjgl/LwjglInput$TouchEvent
Event: 2.812 loading class com/badlogic/gdx/backends/lwjgl/LwjglInput$TouchEvent done
Event: 4.207 Executing VM operation: EnableBiasedLocking
Event: 4.207 Executing VM operation: EnableBiasedLocking done
Event: 5.037 loading class com/badlogic/gdx/backends/lwjgl/LwjglApplication$2
Event: 5.037 loading class com/badlogic/gdx/backends/lwjgl/LwjglApplication$2 done
Event: 5.050 loading class org/lwjgl/opengl/CallbackUtil
Event: 5.050 loading class org/lwjgl/opengl/CallbackUtil done


Dynamic libraries:
0x000000000140d000 	/System/Library/Frameworks/Cocoa.framework/Versions/A/Cocoa
0x000000000140d000 	/System/Library/Frameworks/Security.framework/Versions/A/Security
0x000000000140d000 	/System/Library/Frameworks/ApplicationServices.framework/Versions/A/ApplicationServices
0x000000000140d000 	/usr/lib/libz.1.dylib
0x000000000140d000 	/usr/lib/libSystem.B.dylib
0x000000000140d000 	/usr/lib/libobjc.A.dylib
0x000000000140d000 	/System/Library/Frameworks/CoreFoundation.framework/Versions/A/CoreFoundation
0x000000000140d000 	/System/Library/Frameworks/Foundation.framework/Versions/C/Foundation
0x000000000140d000 	/System/Library/Frameworks/AppKit.framework/Versions/C/AppKit
0x000000000140d000 	/System/Library/Frameworks/CoreData.framework/Versions/A/CoreData
0x000000000140d000 	/System/Library/PrivateFrameworks/RemoteViewServices.framework/Versions/A/RemoteViewServices
0x000000000140d000 	/System/Library/PrivateFrameworks/UIFoundation.framework/Versions/A/UIFoundation
0x000000000140d000 	/System/Library/Frameworks/IOSurface.framework/Versions/A/IOSurface
0x000000000140d000 	/System/Library/Frameworks/AudioToolbox.framework/Versions/A/AudioToolbox
0x000000000140d000 	/System/Library/Frameworks/AudioUnit.framework/Versions/A/AudioUnit
0x000000000140d000 	/System/Library/PrivateFrameworks/DataDetectorsCore.framework/Versions/A/DataDetectorsCore
0x000000000140d000 	/System/Library/PrivateFrameworks/DesktopServicesPriv.framework/Versions/A/DesktopServicesPriv
0x000000000140d000 	/System/Library/Frameworks/Carbon.framework/Versions/A/Frameworks/HIToolbox.framework/Versions/A/HIToolbox
0x000000000140d000 	/System/Library/Frameworks/QuartzCore.framework/Versions/A/QuartzCore
0x000000000140d000 	/System/Library/Frameworks/Carbon.framework/Versions/A/Frameworks/SpeechRecognition.framework/Versions/A/SpeechRecognition
0x000000000140d000 	/usr/lib/libauto.dylib
0x000000000140d000 	/usr/lib/libicucore.A.dylib
0x000000000140d000 	/usr/lib/libxml2.2.dylib
0x000000000140d000 	/System/Library/PrivateFrameworks/CoreUI.framework/Versions/A/CoreUI
0x000000000140d000 	/System/Library/Frameworks/CoreAudio.framework/Versions/A/CoreAudio
0x000000000140d000 	/System/Library/Frameworks/DiskArbitration.framework/Versions/A/DiskArbitration
0x000000000140d000 	/usr/lib/liblangid.dylib
0x000000000140d000 	/System/Library/PrivateFrameworks/MultitouchSupport.framework/Versions/A/MultitouchSupport
0x000000000140d000 	/System/Library/Frameworks/IOKit.framework/Versions/A/IOKit
0x000000000140d000 	/usr/lib/libDiagnosticMessagesClient.dylib
0x000000000140d000 	/System/Library/Frameworks/CoreServices.framework/Versions/A/CoreServices
0x000000000140d000 	/System/Library/PrivateFrameworks/PerformanceAnalysis.framework/Versions/A/PerformanceAnalysis
0x000000000140d000 	/System/Library/PrivateFrameworks/GenerationalStorage.framework/Versions/A/GenerationalStorage
0x000000000140d000 	/System/Library/Frameworks/OpenGL.framework/Versions/A/OpenGL
0x000000000140d000 	/System/Library/PrivateFrameworks/Sharing.framework/Versions/A/Sharing
0x000000000140d000 	/System/Library/Frameworks/CoreGraphics.framework/Versions/A/CoreGraphics
0x000000000140d000 	/System/Library/Frameworks/CoreText.framework/Versions/A/CoreText
0x000000000140d000 	/System/Library/Frameworks/ImageIO.framework/Versions/A/ImageIO
0x000000000140d000 	/usr/lib/libextension.dylib
0x000000000140d000 	/System/Library/PrivateFrameworks/Backup.framework/Versions/A/Backup
0x000000000140d000 	/usr/lib/libarchive.2.dylib
0x000000000140d000 	/System/Library/Frameworks/CFNetwork.framework/Versions/A/CFNetwork
0x000000000140d000 	/System/Library/Frameworks/SystemConfiguration.framework/Versions/A/SystemConfiguration
0x000000000140d000 	/usr/lib/libCRFSuite.dylib
0x000000000140d000 	/usr/lib/libc++.1.dylib
0x000000000140d000 	/usr/lib/libc++abi.dylib
0x000000000140d000 	/usr/lib/system/libcache.dylib
0x000000000140d000 	/usr/lib/system/libcommonCrypto.dylib
0x000000000140d000 	/usr/lib/system/libcompiler_rt.dylib
0x000000000140d000 	/usr/lib/system/libcopyfile.dylib
0x000000000140d000 	/usr/lib/system/libcorecrypto.dylib
0x000000000140d000 	/usr/lib/system/libdispatch.dylib
0x000000000140d000 	/usr/lib/system/libdyld.dylib
0x000000000140d000 	/usr/lib/system/libkeymgr.dylib
0x000000000140d000 	/usr/lib/system/liblaunch.dylib
0x000000000140d000 	/usr/lib/system/libmacho.dylib
0x000000000140d000 	/usr/lib/system/libquarantine.dylib
0x000000000140d000 	/usr/lib/system/libremovefile.dylib
0x000000000140d000 	/usr/lib/system/libsystem_asl.dylib
0x000000000140d000 	/usr/lib/system/libsystem_blocks.dylib
0x000000000140d000 	/usr/lib/system/libsystem_c.dylib
0x000000000140d000 	/usr/lib/system/libsystem_configuration.dylib
0x000000000140d000 	/usr/lib/system/libsystem_coreservices.dylib
0x000000000140d000 	/usr/lib/system/libsystem_coretls.dylib
0x000000000140d000 	/usr/lib/system/libsystem_dnssd.dylib
0x000000000140d000 	/usr/lib/system/libsystem_info.dylib
0x000000000140d000 	/usr/lib/system/libsystem_kernel.dylib
0x000000000140d000 	/usr/lib/system/libsystem_m.dylib
0x000000000140d000 	/usr/lib/system/libsystem_malloc.dylib
0x000000000140d000 	/usr/lib/system/libsystem_network.dylib
0x000000000140d000 	/usr/lib/system/libsystem_networkextension.dylib
0x000000000140d000 	/usr/lib/system/libsystem_notify.dylib
0x000000000140d000 	/usr/lib/system/libsystem_platform.dylib
0x000000000140d000 	/usr/lib/system/libsystem_pthread.dylib
0x000000000140d000 	/usr/lib/system/libsystem_sandbox.dylib
0x000000000140d000 	/usr/lib/system/libsystem_secinit.dylib
0x000000000140d000 	/usr/lib/system/libsystem_stats.dylib
0x000000000140d000 	/usr/lib/system/libsystem_trace.dylib
0x000000000140d000 	/usr/lib/system/libunc.dylib
0x000000000140d000 	/usr/lib/system/libunwind.dylib
0x000000000140d000 	/usr/lib/system/libxpc.dylib
0x000000000140d000 	/usr/lib/libbz2.1.0.dylib
0x000000000140d000 	/usr/lib/liblzma.5.dylib
0x000000000140d000 	/usr/lib/libbsm.0.dylib
0x000000000140d000 	/usr/lib/libsqlite3.dylib
0x000000000140d000 	/usr/lib/system/libkxld.dylib
0x000000000140d000 	/usr/lib/libxar.1.dylib
0x000000000140d000 	/usr/lib/libpam.2.dylib
0x000000000140d000 	/usr/lib/libOpenScriptingUtil.dylib
0x000000000140d000 	/System/Library/Frameworks/CoreServices.framework/Versions/A/Frameworks/FSEvents.framework/Versions/A/FSEvents
0x000000000140d000 	/System/Library/Frameworks/CoreServices.framework/Versions/A/Frameworks/CarbonCore.framework/Versions/A/CarbonCore
0x000000000140d000 	/System/Library/Frameworks/CoreServices.framework/Versions/A/Frameworks/Metadata.framework/Versions/A/Metadata
0x000000000140d000 	/System/Library/Frameworks/CoreServices.framework/Versions/A/Frameworks/OSServices.framework/Versions/A/OSServices
0x000000000140d000 	/System/Library/Frameworks/CoreServices.framework/Versions/A/Frameworks/SearchKit.framework/Versions/A/SearchKit
0x000000000140d000 	/System/Library/Frameworks/CoreServices.framework/Versions/A/Frameworks/AE.framework/Versions/A/AE
0x000000000140d000 	/System/Library/Frameworks/CoreServices.framework/Versions/A/Frameworks/LaunchServices.framework/Versions/A/LaunchServices
0x000000000140d000 	/System/Library/Frameworks/CoreServices.framework/Versions/A/Frameworks/DictionaryServices.framework/Versions/A/DictionaryServices
0x000000000140d000 	/System/Library/Frameworks/NetFS.framework/Versions/A/NetFS
0x000000000140d000 	/System/Library/PrivateFrameworks/NetAuth.framework/Versions/A/NetAuth
0x000000000140d000 	/System/Library/PrivateFrameworks/login.framework/Versions/A/Frameworks/loginsupport.framework/Versions/A/loginsupport
0x000000000140d000 	/System/Library/PrivateFrameworks/TCC.framework/Versions/A/TCC
0x000000000140d000 	/usr/lib/libmecabra.dylib
0x000000000140d000 	/System/Library/Frameworks/ApplicationServices.framework/Versions/A/Frameworks/ATS.framework/Versions/A/ATS
0x000000000140d000 	/System/Library/Frameworks/ApplicationServices.framework/Versions/A/Frameworks/ColorSync.framework/Versions/A/ColorSync
0x000000000140d000 	/System/Library/Frameworks/ApplicationServices.framework/Versions/A/Frameworks/HIServices.framework/Versions/A/HIServices
0x000000000140d000 	/System/Library/Frameworks/ApplicationServices.framework/Versions/A/Frameworks/LangAnalysis.framework/Versions/A/LangAnalysis
0x000000000140d000 	/System/Library/Frameworks/ApplicationServices.framework/Versions/A/Frameworks/PrintCore.framework/Versions/A/PrintCore
0x000000000140d000 	/System/Library/Frameworks/ApplicationServices.framework/Versions/A/Frameworks/QD.framework/Versions/A/QD
0x000000000140d000 	/System/Library/Frameworks/ApplicationServices.framework/Versions/A/Frameworks/SpeechSynthesis.framework/Versions/A/SpeechSynthesis
0x000000000140d000 	/System/Library/Frameworks/Accelerate.framework/Versions/A/Accelerate
0x000000000140d000 	/System/Library/Frameworks/Accelerate.framework/Versions/A/Frameworks/vImage.framework/Versions/A/vImage
0x000000000140d000 	/System/Library/Frameworks/Accelerate.framework/Versions/A/Frameworks/vecLib.framework/Versions/A/vecLib
0x000000000140d000 	/System/Library/Frameworks/Accelerate.framework/Versions/A/Frameworks/vecLib.framework/Versions/A/libvDSP.dylib
0x000000000140d000 	/System/Library/Frameworks/Accelerate.framework/Versions/A/Frameworks/vecLib.framework/Versions/A/libvMisc.dylib
0x000000000140d000 	/System/Library/Frameworks/Accelerate.framework/Versions/A/Frameworks/vecLib.framework/Versions/A/libLAPACK.dylib
0x000000000140d000 	/System/Library/Frameworks/Accelerate.framework/Versions/A/Frameworks/vecLib.framework/Versions/A/libBLAS.dylib
0x000000000140d000 	/System/Library/Frameworks/Accelerate.framework/Versions/A/Frameworks/vecLib.framework/Versions/A/libLinearAlgebra.dylib
0x000000000140d000 	/System/Library/Frameworks/ApplicationServices.framework/Versions/A/Frameworks/ATS.framework/Versions/A/Resources/libFontParser.dylib
0x000000000140d000 	/System/Library/Frameworks/ApplicationServices.framework/Versions/A/Frameworks/ATS.framework/Versions/A/Resources/libFontRegistry.dylib
0x000000000140d000 	/System/Library/PrivateFrameworks/AppleVPA.framework/Versions/A/AppleVPA
0x000000000140d000 	/System/Library/PrivateFrameworks/AppleJPEG.framework/Versions/A/AppleJPEG
0x000000000140d000 	/System/Library/Frameworks/ImageIO.framework/Versions/A/Resources/libJPEG.dylib
0x000000000140d000 	/System/Library/Frameworks/ImageIO.framework/Versions/A/Resources/libTIFF.dylib
0x000000000140d000 	/System/Library/Frameworks/ImageIO.framework/Versions/A/Resources/libPng.dylib
0x000000000140d000 	/System/Library/Frameworks/ImageIO.framework/Versions/A/Resources/libGIF.dylib
0x000000000140d000 	/System/Library/Frameworks/ImageIO.framework/Versions/A/Resources/libJP2.dylib
0x000000000140d000 	/System/Library/Frameworks/ImageIO.framework/Versions/A/Resources/libRadiance.dylib
0x000000000140d000 	/System/Library/Frameworks/CoreVideo.framework/Versions/A/CoreVideo
0x000000000140d000 	/System/Library/Frameworks/OpenGL.framework/Versions/A/Libraries/libGLU.dylib
0x000000000140d000 	/System/Library/Frameworks/OpenGL.framework/Versions/A/Libraries/libGFXShared.dylib
0x000000000140d000 	/System/Library/Frameworks/OpenGL.framework/Versions/A/Libraries/libGL.dylib
0x000000000140d000 	/System/Library/Frameworks/OpenGL.framework/Versions/A/Libraries/libGLImage.dylib
0x000000000140d000 	/System/Library/Frameworks/OpenGL.framework/Versions/A/Libraries/libCVMSPluginSupport.dylib
0x000000000140d000 	/System/Library/Frameworks/OpenGL.framework/Versions/A/Libraries/libCoreVMClient.dylib
0x000000000140d000 	/usr/lib/libcups.2.dylib
0x000000000140d000 	/System/Library/Frameworks/Kerberos.framework/Versions/A/Kerberos
0x000000000140d000 	/System/Library/Frameworks/GSS.framework/Versions/A/GSS
0x000000000140d000 	/usr/lib/libresolv.9.dylib
0x000000000140d000 	/usr/lib/libiconv.2.dylib
0x000000000140d000 	/System/Library/PrivateFrameworks/Heimdal.framework/Versions/A/Heimdal
0x000000000140d000 	/usr/lib/libheimdal-asn1.dylib
0x000000000140d000 	/System/Library/Frameworks/OpenDirectory.framework/Versions/A/OpenDirectory
0x000000000140d000 	/System/Library/PrivateFrameworks/CommonAuth.framework/Versions/A/CommonAuth
0x000000000140d000 	/System/Library/Frameworks/OpenDirectory.framework/Versions/A/Frameworks/CFOpenDirectory.framework/Versions/A/CFOpenDirectory
0x000000000140d000 	/System/Library/Frameworks/SecurityFoundation.framework/Versions/A/SecurityFoundation
0x000000000140d000 	/System/Library/PrivateFrameworks/LanguageModeling.framework/Versions/A/LanguageModeling
0x000000000140d000 	/usr/lib/libcmph.dylib
0x000000000140d000 	/System/Library/Frameworks/ServiceManagement.framework/Versions/A/ServiceManagement
0x000000000140d000 	/usr/lib/libxslt.1.dylib
0x000000000140d000 	/System/Library/Frameworks/Carbon.framework/Versions/A/Frameworks/Ink.framework/Versions/A/Ink
0x000000000140d000 	/System/Library/Frameworks/QuartzCore.framework/Versions/A/Frameworks/CoreImage.framework/Versions/A/CoreImage
0x000000000140d000 	/System/Library/PrivateFrameworks/CrashReporterSupport.framework/Versions/A/CrashReporterSupport
0x000000000140d000 	/System/Library/Frameworks/OpenCL.framework/Versions/A/OpenCL
0x000000000140d000 	/System/Library/PrivateFrameworks/FaceCore.framework/Versions/A/FaceCore
0x000000000140d000 	/System/Library/PrivateFrameworks/Ubiquity.framework/Versions/A/Ubiquity
0x000000000140d000 	/System/Library/PrivateFrameworks/IconServices.framework/Versions/A/IconServices
0x000000000140d000 	/System/Library/PrivateFrameworks/ChunkingLibrary.framework/Versions/A/ChunkingLibrary
0x000000000140d000 	/System/Library/PrivateFrameworks/Apple80211.framework/Versions/A/Apple80211
0x000000000140d000 	/System/Library/Frameworks/CoreWLAN.framework/Versions/A/CoreWLAN
0x000000000140d000 	/System/Library/Frameworks/IOBluetooth.framework/Versions/A/IOBluetooth
0x000000000140d000 	/System/Library/PrivateFrameworks/CoreWiFi.framework/Versions/A/CoreWiFi
0x000000000140d000 	/System/Library/Frameworks/CoreBluetooth.framework/Versions/A/CoreBluetooth
0x000000000140d000 	/System/Library/PrivateFrameworks/DebugSymbols.framework/Versions/A/DebugSymbols
0x000000000140d000 	/System/Library/PrivateFrameworks/CoreSymbolication.framework/Versions/A/CoreSymbolication
0x000000000140d000 	/System/Library/PrivateFrameworks/Symbolication.framework/Versions/A/Symbolication
0x000000000140d000 	/System/Library/PrivateFrameworks/SpeechRecognitionCore.framework/Versions/A/SpeechRecognitionCore
0x000000010c400000 	/Library/Java/JavaVirtualMachines/jdk1.8.0_25.jdk/Contents/Home/jre/lib/server/libjvm.dylib
0x000000000140d000 	/usr/lib/libstdc++.6.dylib
0x000000010bb6f000 	/Library/Java/JavaVirtualMachines/jdk1.8.0_25.jdk/Contents/Home/jre/lib/libverify.dylib
0x000000010bb7d000 	/Library/Java/JavaVirtualMachines/jdk1.8.0_25.jdk/Contents/Home/jre/lib/libjava.dylib
0x000000010bbbb000 	/Library/Java/JavaVirtualMachines/jdk1.8.0_25.jdk/Contents/Home/jre/lib/libzip.dylib
0x0000000120eef000 	/System/Library/Frameworks/JavaVM.framework/Frameworks/JavaRuntimeSupport.framework/JavaRuntimeSupport
0x0000000120f07000 	/System/Library/Frameworks/JavaVM.framework/Versions/A/Frameworks/JavaNativeFoundation.framework/Versions/A/JavaNativeFoundation
0x0000000120f1c000 	/System/Library/Frameworks/JavaVM.framework/Versions/A/JavaVM
0x000000000140d000 	/System/Library/Frameworks/Carbon.framework/Versions/A/Carbon
0x0000000120f29000 	/System/Library/PrivateFrameworks/JavaLaunching.framework/Versions/A/JavaLaunching
0x000000000140d000 	/System/Library/Frameworks/Carbon.framework/Versions/A/Frameworks/CommonPanels.framework/Versions/A/CommonPanels
0x000000000140d000 	/System/Library/Frameworks/Carbon.framework/Versions/A/Frameworks/Help.framework/Versions/A/Help
0x000000000140d000 	/System/Library/Frameworks/Carbon.framework/Versions/A/Frameworks/ImageCapture.framework/Versions/A/ImageCapture
0x000000000140d000 	/System/Library/Frameworks/Carbon.framework/Versions/A/Frameworks/OpenScripting.framework/Versions/A/OpenScripting
0x000000000140d000 	/System/Library/Frameworks/Carbon.framework/Versions/A/Frameworks/Print.framework/Versions/A/Print
0x000000000140d000 	/System/Library/Frameworks/Carbon.framework/Versions/A/Frameworks/SecurityHI.framework/Versions/A/SecurityHI
0x0000000122efb000 	/Applications/Coding/IntelliJ IDEA 14 CE.app/Contents/bin/libbreakgen64.jnilib
0x0000000123001000 	/Library/Java/JavaVirtualMachines/jdk1.8.0_25.jdk/Contents/Home/jre/lib/libnet.dylib
0x0000000123060000 	/private/var/folders/g5/r1znqyfj6r565_p788cmf4ym0000gn/T/libgdxKhaNguyen/d8ae55ed/libgdx64.dylib
0x00000001230a9000 	/Library/Java/JavaVirtualMachines/jdk1.8.0_25.jdk/Contents/Home/jre/lib/libawt.dylib
0x0000000123158000 	/Library/Java/JavaVirtualMachines/jdk1.8.0_25.jdk/Contents/Home/jre/lib/./libmlib_image.dylib
0x0000000123224000 	/Library/Java/JavaVirtualMachines/jdk1.8.0_25.jdk/Contents/Home/jre/lib/libawt_lwawt.dylib
0x00000001232d7000 	/Library/Java/JavaVirtualMachines/jdk1.8.0_25.jdk/Contents/Home/jre/lib/./libosxapp.dylib
0x000000000140d000 	/System/Library/Frameworks/ExceptionHandling.framework/Versions/A/ExceptionHandling
0x000000000140d000 	/System/Library/PrivateFrameworks/CoreServicesInternal.framework/Versions/A/CoreServicesInternal
0x000000000140d000 	/System/Library/PrivateFrameworks/CloudDocs.framework/Versions/A/CloudDocs
0x000000000140d000 	/System/Library/PrivateFrameworks/CoreDuet.framework/Versions/A/CoreDuet
0x000000000140d000 	/System/Library/Frameworks/CloudKit.framework/Versions/A/CloudKit
0x000000000140d000 	/System/Library/PrivateFrameworks/ProtocolBuffer.framework/Versions/A/ProtocolBuffer
0x000000000140d000 	/System/Library/PrivateFrameworks/CoreDuetDaemonProtocol.framework/Versions/A/CoreDuetDaemonProtocol
0x000000000140d000 	/System/Library/PrivateFrameworks/CoreDuetDebugLogging.framework/Versions/A/CoreDuetDebugLogging
0x000000000140d000 	/System/Library/Frameworks/CoreLocation.framework/Versions/A/CoreLocation
0x000000000140d000 	/System/Library/Frameworks/Accounts.framework/Versions/A/Accounts
0x000000000140d000 	/System/Library/PrivateFrameworks/ApplePushService.framework/Versions/A/ApplePushService
0x000000000140d000 	/System/Library/PrivateFrameworks/GeoServices.framework/Versions/A/GeoServices
0x000000000140d000 	/System/Library/PrivateFrameworks/OAuth.framework/Versions/A/OAuth
0x000000000140d000 	/System/Library/PrivateFrameworks/CoreDaemon.framework/Versions/B/CoreDaemon
0x000000000140d000 	/usr/lib/libcrypto.0.9.8.dylib
0x000000000140d000 	/System/Library/PrivateFrameworks/AppleSRP.framework/Versions/A/AppleSRP
0x000000000140d000 	/System/Library/PrivateFrameworks/TrustEvaluationAgent.framework/Versions/A/TrustEvaluationAgent
0x000000000140d000 	/System/Library/Frameworks/CoreGraphics.framework/Versions/A/Resources/libCGCMS.A.dylib
0x000000000140d000 	/System/Library/Frameworks/CoreGraphics.framework/Versions/A/Resources/libRIP.A.dylib
0x000000000140d000 	/System/Library/Frameworks/CoreGraphics.framework/Versions/A/Resources/libCGXType.A.dylib
0x000000000140d000 	/System/Library/Frameworks/OpenCL.framework/Versions/A/Libraries/libcldcpuengine.dylib
0x000000000140d000 	/System/Library/PrivateFrameworks/DiskImages.framework/Versions/A/DiskImages
0x000000000140d000 	/System/Library/Frameworks/DiscRecording.framework/Versions/A/DiscRecording
0x000000000140d000 	/usr/lib/libcsfde.dylib
0x000000000140d000 	/usr/lib/libcurl.4.dylib
0x000000000140d000 	/System/Library/PrivateFrameworks/MediaKit.framework/Versions/A/MediaKit
0x000000000140d000 	/System/Library/PrivateFrameworks/ProtectedCloudStorage.framework/Versions/A/ProtectedCloudStorage
0x000000000140d000 	/usr/lib/libCoreStorage.dylib
0x000000000140d000 	/System/Library/PrivateFrameworks/EFILogin.framework/Versions/A/EFILogin
0x000000000140d000 	/usr/lib/libutil.dylib
0x000000000140d000 	/System/Library/PrivateFrameworks/FindMyDevice.framework/Versions/A/FindMyDevice
0x000000000140d000 	/System/Library/Frameworks/LDAP.framework/Versions/A/LDAP
0x000000000140d000 	/usr/lib/libsasl2.2.dylib
0x0000000125f78000 	cl_kernels
0x0000000125f7a000 	/System/Library/Frameworks/OpenCL.framework/Versions/A/Libraries/ImageFormats/unorm8_bgra.dylib
0x0000000125f69000 	cl_kernels
0x000000000140d000 	/System/Library/PrivateFrameworks/FamilyControls.framework/Versions/A/FamilyControls
0x000000000140d000 	/System/Library/PrivateFrameworks/CommerceKit.framework/Versions/A/Frameworks/CommerceCore.framework/Versions/A/CommerceCore
0x000000000140d000 	/System/Library/PrivateFrameworks/SystemAdministration.framework/Versions/A/SystemAdministration
0x000000000140d000 	/System/Library/PrivateFrameworks/AppContainer.framework/Versions/A/AppContainer
0x000000000140d000 	/System/Library/PrivateFrameworks/SecCodeWrapper.framework/Versions/A/SecCodeWrapper
0x000000000140d000 	/System/Library/Frameworks/DirectoryService.framework/Versions/A/DirectoryService
0x000000000140d000 	/System/Library/PrivateFrameworks/LoginUIKit.framework/Versions/A/Frameworks/LoginUICore.framework/Versions/A/LoginUICore
0x000000000140d000 	/usr/lib/libodfde.dylib
0x00000001271c3000 	/Library/Java/JavaVirtualMachines/jdk1.8.0_25.jdk/Contents/Home/jre/lib/libfontmanager.dylib
0x000000012722a000 	/private/var/folders/g5/r1znqyfj6r565_p788cmf4ym0000gn/T/libgdxKhaNguyen/f7649394/liblwjgl.dylib
0x00000001254ab000 	/Library/Java/JavaVirtualMachines/jdk1.8.0_25.jdk/Contents/Home/jre/lib/libjawt.dylib
0x00000001272ac000 	/var/folders/g5/r1znqyfj6r565_p788cmf4ym0000gn/T/libgdxKhaNguyen/f7649394/openal.dylib
0x000000012731b000 	/System/Library/Components/CoreAudio.component/Contents/MacOS/CoreAudio
0x00000001254c3000 	/System/Library/Extensions/AppleHDA.kext/Contents/PlugIns/AppleHDAHALPlugIn.bundle/Contents/MacOS/AppleHDAHALPlugIn
0x000000000140d000 	/System/Library/Frameworks/OpenGL.framework/Versions/A/Resources/GLEngine.bundle/GLEngine
0x000000000140d000 	/System/Library/Frameworks/OpenGL.framework/Versions/A/Libraries/libGLProgrammability.dylib
0x0000000000000000 	/System/Library/Extensions/AppleIntelHD5000GraphicsGLDriver.bundle/Contents/MacOS/AppleIntelHD5000GraphicsGLDriver
0x000000000140d000 	/System/Library/PrivateFrameworks/IOAccelerator.framework/Versions/A/IOAccelerator
0x000000000140d000 	/System/Library/PrivateFrameworks/GPUSupport.framework/Versions/A/Libraries/libGPUSupportMercury.dylib
0x000000000140d000 	/System/Library/Frameworks/OpenGL.framework/Versions/A/Resources/GLRendererFloat.bundle/GLRendererFloat

VM Arguments:
jvm_args: -Didea.launcher.port=7535 -Didea.launcher.bin.path=/Applications/Coding/IntelliJ IDEA 14 CE.app/Contents/bin -Dfile.encoding=UTF-8 
java_command: com.intellij.rt.execution.application.AppMain com.mygdx.bananatic.desktop.DesktopLauncher
java_class_path (initial): /Library/Java/JavaVirtualMachines/jdk1.8.0_25.jdk/Contents/Home/lib/ant-javafx.jar:/Library/Java/JavaVirtualMachines/jdk1.8.0_25.jdk/Contents/Home/lib/dt.jar:/Library/Java/JavaVirtualMachines/jdk1.8.0_25.jdk/Contents/Home/lib/javafx-mx.jar:/Library/Java/JavaVirtualMachines/jdk1.8.0_25.jdk/Contents/Home/lib/jconsole.jar:/Library/Java/JavaVirtualMachines/jdk1.8.0_25.jdk/Contents/Home/lib/sa-jdi.jar:/Library/Java/JavaVirtualMachines/jdk1.8.0_25.jdk/Contents/Home/lib/tools.jar:/Library/Java/JavaVirtualMachines/jdk1.8.0_25.jdk/Contents/Home/jre/lib/charsets.jar:/Library/Java/JavaVirtualMachines/jdk1.8.0_25.jdk/Contents/Home/jre/lib/deploy.jar:/Library/Java/JavaVirtualMachines/jdk1.8.0_25.jdk/Contents/Home/jre/lib/javaws.jar:/Library/Java/JavaVirtualMachines/jdk1.8.0_25.jdk/Contents/Home/jre/lib/jce.jar:/Library/Java/JavaVirtualMachines/jdk1.8.0_25.jdk/Contents/Home/jre/lib/jfr.jar:/Library/Java/JavaVirtualMachines/jdk1.8.0_25.jdk/Contents/Home/jre/lib/jfxswt.jar:/Library/Java/JavaVirtualMachines/jdk1.8.0_25.jdk/Contents/Home/jre/lib/jsse.jar:/Library/Java/JavaVirtualMachines/jdk1.8.0_25.jdk/Contents/Home/jre/lib/management-agent.jar:/Library/Java/JavaVirtualMachines/jdk1.8.0_25.jdk/Contents/Home/jre/lib/plugin.jar:/Library/Java/JavaVirtualMachines/jdk1.8.0_25.jdk/Contents/Home/jre/lib/resources.jar:/Library/Java/JavaVirtualMachines/jdk1.8.0_25.jdk/Contents/Home/jre/lib/rt.jar:/Library/Java/JavaVirtualMachines/jdk1.8.0_25.jdk/Contents/Home/jre/lib/ext/cldrdata.jar:/Library/Java/JavaVirtualMachines/jdk1.8.0_25.jdk/Contents/Home/jre/lib/ext/dnsns.jar:/Library/Java/JavaVirtualMachines/jdk1.8.0_25.jdk/Contents/Home/jre/lib/ext/jfxrt.jar:/Library/Java/JavaVirtualMachines/jdk1.8.0_25.jdk/Contents/Home/jre/lib/ext/localedata.jar:/Library/Java/JavaVirtualMachines/jdk1.8.0_25.jdk/Contents/Home/jre/lib/ext/nashorn.jar:/Library/Java/JavaVirtualMachines/jdk1.8.0_25.jdk/Contents/Home/jre/lib/ext/sunec.jar:/Library/Java/JavaVirtualMachines/jdk1.8.0_25.jdk/C
Launcher Type: SUN_STANDARD

Environment Variables:
PATH=/usr/local/bin:/usr/bin:/bin:/usr/sbin:/sbin
SHELL=/bin/bash

Signal Handlers:
SIGSEGV: [libjvm.dylib+0x579dc7], sa_mask[0]=11111111011111110111111111111111, sa_flags=SA_ONSTACK|SA_RESTART|SA_SIGINFO
SIGBUS: [libjvm.dylib+0x579dc7], sa_mask[0]=11111111011111110111111111111111, sa_flags=SA_RESTART|SA_SIGINFO
SIGFPE: [libjvm.dylib+0x45b030], sa_mask[0]=11111111011111110111111111111111, sa_flags=SA_RESTART|SA_SIGINFO
SIGPIPE: [libjvm.dylib+0x45b030], sa_mask[0]=11111111011111110111111111111111, sa_flags=SA_RESTART|SA_SIGINFO
SIGXFSZ: [libjvm.dylib+0x45b030], sa_mask[0]=11111111011111110111111111111111, sa_flags=SA_RESTART|SA_SIGINFO
SIGILL: [libjvm.dylib+0x45b030], sa_mask[0]=11111111011111110111111111111111, sa_flags=SA_RESTART|SA_SIGINFO
SIGUSR1: SIG_DFL, sa_mask[0]=00000000000000000000000000000000, sa_flags=none
SIGUSR2: [libjvm.dylib+0x45ab4e], sa_mask[0]=00100000000000000000000000000000, sa_flags=SA_RESTART|SA_SIGINFO
SIGHUP: [libjvm.dylib+0x459121], sa_mask[0]=11111111011111110111111111111111, sa_flags=SA_RESTART|SA_SIGINFO
SIGINT: [libjvm.dylib+0x459121], sa_mask[0]=11111111011111110111111111111111, sa_flags=SA_RESTART|SA_SIGINFO
SIGTERM: [libjvm.dylib+0x459121], sa_mask[0]=11111111011111110111111111111111, sa_flags=SA_RESTART|SA_SIGINFO
SIGQUIT: [libjvm.dylib+0x459121], sa_mask[0]=11111111011111110111111111111111, sa_flags=SA_RESTART|SA_SIGINFO


---------------  S Y S T E M  ---------------

OS:Bsduname:Darwin 14.1.0 Darwin Kernel Version 14.1.0: Thu Feb 26 19:26:47 PST 2015; root:xnu-2782.10.73~1/RELEASE_X86_64 x86_64
rlimit: STACK 8192k, CORE 0k, NPROC 709, NOFILE 10240, AS infinity
load average:5.93 3.86 3.63

CPU:total 4 (2 cores per cpu, 2 threads per core) family 6 model 69 stepping 1, cmov, cx8, fxsr, mmx, sse, sse2, sse3, ssse3, sse4.1, sse4.2, popcnt, avx, avx2, aes, clmul, erms, lzcnt, ht, tsc, tscinvbit, bmi1, bmi2

Memory: 4k page, physical 4194304k(44116k free)

/proc/meminfo:


vm_info: Java HotSpot(TM) 64-Bit Server VM (25.25-b02) for bsd-amd64 JRE (1.8.0_25-b17), built on Sep 17 2014 16:56:50 by "java_re" with gcc 4.2.1 (Based on Apple Inc. build 5658) (LLVM build 2336.11.00)

time: Sat Apr 18 21:19:33 2015
elapsed time: 5 seconds (0d 0h 0m 5s)

